[debug] [2022-09-13T17:42:44.038Z] ----------------------------------------------------------------------
[debug] [2022-09-13T17:42:44.040Z] Command:       C:\Program Files\nodejs\node.exe C:\Users\aditi\AppData\Roaming\npm\node_modules\firebase-tools\lib\bin\firebase.js emulators:start
[debug] [2022-09-13T17:42:44.040Z] CLI Version:   11.8.0
[debug] [2022-09-13T17:42:44.040Z] Platform:      win32
[debug] [2022-09-13T17:42:44.041Z] Node Version:  v16.14.2
[debug] [2022-09-13T17:42:44.051Z] Time:          Tue Sep 13 2022 23:12:44 GMT+0530 (India Standard Time)
[debug] [2022-09-13T17:42:44.051Z] ----------------------------------------------------------------------
[debug] 
[debug] [2022-09-13T17:42:44.161Z] > command requires scopes: ["email","openid","https://www.googleapis.com/auth/cloudplatformprojects.readonly","https://www.googleapis.com/auth/firebase","https://www.googleapis.com/auth/cloud-platform"]
[debug] [2022-09-13T17:42:44.162Z] > authorizing via signed-in user (aditi25anushka11@gmail.com)
[info] i  emulators: Starting emulators: functions {"metadata":{"emulator":{"name":"hub"},"message":"Starting emulators: functions"}}
[debug] [2022-09-13T17:42:44.221Z] [hub] writing locator at C:\Users\aditi\AppData\Local\Temp\hub-fashgram-6b4d3.json
[warn] !  functions: The following emulators are not running, calls to these services from the Functions emulator will affect production: auth, firestore, database, hosting, pubsub, storage, eventarc {"metadata":{"emulator":{"name":"functions"},"message":"The following emulators are not running, calls to these services from the Functions emulator will affect production: \u001b[1mauth, firestore, database, hosting, pubsub, storage, eventarc\u001b[22m"}}
[info] +  functions: Using node@16 from host. {"metadata":{"emulator":{"name":"functions"},"message":"Using node@16 from host."}}
[debug] [2022-09-13T17:42:44.328Z] defaultcredentials: writing to file C:\Users\aditi\AppData\Roaming\firebase\aditi25anushka11_gmail_com_application_default_credentials.json
[debug] [2022-09-13T17:42:44.332Z] Setting GAC to C:\Users\aditi\AppData\Roaming\firebase\aditi25anushka11_gmail_com_application_default_credentials.json {"metadata":{"emulator":{"name":"functions"},"message":"Setting GAC to C:\\Users\\aditi\\AppData\\Roaming\\firebase\\aditi25anushka11_gmail_com_application_default_credentials.json"}}
[debug] [2022-09-13T17:42:44.334Z] > refreshing access token with scopes: []
[debug] [2022-09-13T17:42:44.336Z] >>> [apiv2][query] POST https://www.googleapis.com/oauth2/v3/token [none]
[debug] [2022-09-13T17:42:44.336Z] >>> [apiv2][body] POST https://www.googleapis.com/oauth2/v3/token [omitted]
[debug] [2022-09-13T17:42:44.573Z] <<< [apiv2][status] POST https://www.googleapis.com/oauth2/v3/token 200
[debug] [2022-09-13T17:42:44.573Z] <<< [apiv2][body] POST https://www.googleapis.com/oauth2/v3/token [omitted]
[debug] [2022-09-13T17:42:44.582Z] >>> [apiv2][query] GET https://firebase.googleapis.com/v1beta1/projects/fashgram-6b4d3/adminSdkConfig [none]
[debug] [2022-09-13T17:42:45.075Z] <<< [apiv2][status] GET https://firebase.googleapis.com/v1beta1/projects/fashgram-6b4d3/adminSdkConfig 200
[debug] [2022-09-13T17:42:45.076Z] <<< [apiv2][body] GET https://firebase.googleapis.com/v1beta1/projects/fashgram-6b4d3/adminSdkConfig {"projectId":"fashgram-6b4d3","storageBucket":"fashgram-6b4d3.appspot.com","locationId":"us-central"}
[debug] [2022-09-13T17:42:45.376Z] Ignoring unsupported arg: auto_download {"metadata":{"emulator":{"name":"ui"},"message":"Ignoring unsupported arg: auto_download"}}
[debug] [2022-09-13T17:42:45.377Z] Ignoring unsupported arg: port {"metadata":{"emulator":{"name":"ui"},"message":"Ignoring unsupported arg: port"}}
[debug] [2022-09-13T17:42:45.377Z] Starting Emulator UI with command {"binary":"node","args":["C:\\Users\\aditi\\.cache\\firebase\\emulators\\ui-v1.9.0\\server\\server.js"],"optionalArgs":[],"joinArgs":false} {"metadata":{"emulator":{"name":"ui"},"message":"Starting Emulator UI with command {\"binary\":\"node\",\"args\":[\"C:\\\\Users\\\\aditi\\\\.cache\\\\firebase\\\\emulators\\\\ui-v1.9.0\\\\server\\\\server.js\"],\"optionalArgs\":[],\"joinArgs\":false}"}}
[info] i  ui: Emulator UI logging to ui-debug.log {"metadata":{"emulator":{"name":"ui"},"message":"Emulator UI logging to \u001b[1mui-debug.log\u001b[22m"}}
[debug] [2022-09-13T17:42:45.624Z] Web / API server started at localhost:4000
 {"metadata":{"emulator":{"name":"ui"},"message":"Web / API server started at localhost:4000\n"}}
[info] i  functions: Watching "C:\Users\aditi\OneDrive\Desktop\ecom\functions" for Cloud Functions... {"metadata":{"emulator":{"name":"functions"},"message":"Watching \"C:\\Users\\aditi\\OneDrive\\Desktop\\ecom\\functions\" for Cloud Functions..."}}
[debug] [2022-09-13T17:42:45.656Z] Validating nodejs source
[debug] [2022-09-13T17:42:48.639Z] > [functions] package.json contents: {
  "name": "functions",
  "description": "Cloud Functions for Firebase",
  "scripts": {
    "lint": "eslint .",
    "serve": "firebase emulators:start --only functions",
    "shell": "firebase functions:shell",
    "start": "npm run shell",
    "deploy": "firebase deploy --only functions",
    "logs": "firebase functions:log"
  },
  "engines": {
    "node": "16"
  },
  "main": "index.js",
  "dependencies": {
    "firebase-admin": "^10.0.2",
    "firebase-functions": "^3.18.0"
  },
  "devDependencies": {
    "eslint": "^8.9.0",
    "eslint-config-google": "^0.14.0",
    "firebase-functions-test": "^0.2.0"
  },
  "private": true
}
[debug] [2022-09-13T17:42:48.640Z] Building nodejs source
[debug] [2022-09-13T17:42:48.641Z] Analyzing nodejs backend spec
[debug] [2022-09-13T17:42:48.643Z] Could not find functions.yaml. Must use http discovery
[debug] [2022-09-13T17:42:49.003Z] Serving at port 9005

[debug] [2022-09-13T17:42:49.255Z] Got response from /__/functions.yaml {"endpoints":{"api":{"platform":"gcfv1","httpsTrigger":{},"entryPoint":"api"}},"specVersion":"v1alpha1","requiredAPIs":[]}
[debug] [2022-09-13T17:42:49.265Z] shutdown requested via /__/quitquitquit

[info] +  functions: Loaded functions definitions from source: api. {"metadata":{"emulator":{"name":"functions"},"message":"Loaded functions definitions from source: api."}}
[info] +  functions[us-central1-api]: http function initialized (http://localhost:5001/fashgram-6b4d3/us-central1/api). {"metadata":{"emulator":{"name":"functions"},"message":"\u001b[1mhttp\u001b[22m function initialized (http://localhost:5001/fashgram-6b4d3/us-central1/api)."}}
[info] 
┌─────────────────────────────────────────────────────────────┐
│ ✔  All emulators ready! It is now safe to connect your app. │
│ i  View Emulator UI at http://localhost:4000                │
└─────────────────────────────────────────────────────────────┘

┌───────────┬────────────────┬─────────────────────────────────┐
│ Emulator  │ Host:Port      │ View in Emulator UI             │
├───────────┼────────────────┼─────────────────────────────────┤
│ Functions │ localhost:5001 │ http://localhost:4000/functions │
└───────────┴────────────────┴─────────────────────────────────┘
  Emulator Hub running at localhost:4400
  Other reserved ports: 4500

Issues? Report them at https://github.com/firebase/firebase-tools/issues and attach the *-debug.log files.
 
[debug] [2022-09-13T17:43:49.532Z] Functions emulator received unknown request at path /
[debug] [2022-09-13T17:43:49.566Z] Functions emulator received unknown request at path /favicon.ico
[debug] [2022-09-13T17:48:42.398Z] Functions emulator received unknown request at path /
[debug] [2022-09-13T18:01:15.326Z] Received signal SIGHUP 1
